This file contains any messages produced by compilers while
running configure, to aid debugging if configure makes a mistake.

It was created by pkt2 configure 0.1, which was
generated by GNU Autoconf 2.69.  Invocation command line was

  $ ./configure 

## --------- ##
## Platform. ##
## --------- ##

hostname = ubuntu16
uname -m = x86_64
uname -r = 4.4.0-59-generic
uname -s = Linux
uname -v = #80-Ubuntu SMP Fri Jan 6 17:47:47 UTC 2017

/usr/bin/uname -p = unknown
/bin/uname -X     = unknown

/bin/arch              = unknown
/usr/bin/arch -k       = unknown
/usr/convex/getsysinfo = unknown
/usr/bin/hostinfo      = unknown
/bin/machine           = unknown
/usr/bin/oslevel       = unknown
/bin/universe          = unknown

PATH: /home/andrei/bin
PATH: /home/andrei/.local/bin
PATH: /usr/local/sbin
PATH: /usr/local/bin
PATH: /usr/sbin
PATH: /usr/bin
PATH: /sbin
PATH: /bin
PATH: /usr/games
PATH: /usr/local/games
PATH: /snap/bin
PATH: /usr/lib/jvm/java-8-oracle/bin
PATH: /usr/lib/jvm/java-8-oracle/db/bin
PATH: /usr/lib/jvm/java-8-oracle/jre/bin


## ----------- ##
## Core tests. ##
## ----------- ##

configure:2589: checking for a BSD-compatible install
configure:2657: result: /usr/bin/install -c
configure:2668: checking whether build environment is sane
configure:2723: result: yes
configure:2874: checking for a thread-safe mkdir -p
configure:2913: result: /bin/mkdir -p
configure:2920: checking for gawk
configure:2936: found /usr/bin/gawk
configure:2947: result: gawk
configure:2958: checking whether make sets $(MAKE)
configure:2980: result: yes
configure:3009: checking whether make supports nested variables
configure:3026: result: yes
configure:3209: checking for g++
configure:3225: found /usr/bin/g++
configure:3236: result: g++
configure:3263: checking for C++ compiler version
configure:3272: g++ --version >&5
g++ (Ubuntu 5.4.1-2ubuntu1~16.04) 5.4.1 20160904
Copyright (C) 2015 Free Software Foundation, Inc.
This is free software; see the source for copying conditions.  There is NO
warranty; not even for MERCHANTABILITY or FITNESS FOR A PARTICULAR PURPOSE.

configure:3283: $? = 0
configure:3272: g++ -v >&5
Using built-in specs.
COLLECT_GCC=g++
COLLECT_LTO_WRAPPER=/usr/lib/gcc/x86_64-linux-gnu/5/lto-wrapper
Target: x86_64-linux-gnu
Configured with: ../src/configure -v --with-pkgversion='Ubuntu 5.4.1-2ubuntu1~16.04' --with-bugurl=file:///usr/share/doc/gcc-5/README.Bugs --enable-languages=c,ada,c++,java,go,d,fortran,objc,obj-c++ --prefix=/usr --program-suffix=-5 --enable-shared --enable-linker-build-id --libexecdir=/usr/lib --without-included-gettext --enable-threads=posix --libdir=/usr/lib --enable-nls --with-sysroot=/ --enable-clocale=gnu --enable-libstdcxx-debug --enable-libstdcxx-time=yes --with-default-libstdcxx-abi=new --enable-gnu-unique-object --disable-vtable-verify --enable-libmpx --enable-plugin --with-system-zlib --disable-browser-plugin --enable-java-awt=gtk --enable-gtk-cairo --with-java-home=/usr/lib/jvm/java-1.5.0-gcj-5-amd64/jre --enable-java-home --with-jvm-root-dir=/usr/lib/jvm/java-1.5.0-gcj-5-amd64 --with-jvm-jar-dir=/usr/lib/jvm-exports/java-1.5.0-gcj-5-amd64 --with-arch-directory=amd64 --with-ecj-jar=/usr/share/java/eclipse-ecj.jar --enable-objc-gc --enable-multiarch --disable-werror --with-arch-32=i686 --with-abi=m64 --with-multilib-list=m32,m64,mx32 --enable-multilib --with-tune=generic --enable-checking=release --build=x86_64-linux-gnu --host=x86_64-linux-gnu --target=x86_64-linux-gnu
Thread model: posix
gcc version 5.4.1 20160904 (Ubuntu 5.4.1-2ubuntu1~16.04) 
configure:3283: $? = 0
configure:3272: g++ -V >&5
g++: error: unrecognized command line option '-V'
g++: fatal error: no input files
compilation terminated.
configure:3283: $? = 1
configure:3272: g++ -qversion >&5
g++: error: unrecognized command line option '-qversion'
g++: fatal error: no input files
compilation terminated.
configure:3283: $? = 1
configure:3303: checking whether the C++ compiler works
configure:3325: g++    conftest.cpp  >&5
configure:3329: $? = 0
configure:3377: result: yes
configure:3380: checking for C++ compiler default output file name
configure:3382: result: a.out
configure:3388: checking for suffix of executables
configure:3395: g++ -o conftest    conftest.cpp  >&5
configure:3399: $? = 0
configure:3421: result: 
configure:3443: checking whether we are cross compiling
configure:3451: g++ -o conftest    conftest.cpp  >&5
configure:3455: $? = 0
configure:3462: ./conftest
configure:3466: $? = 0
configure:3481: result: no
configure:3486: checking for suffix of object files
configure:3508: g++ -c   conftest.cpp >&5
configure:3512: $? = 0
configure:3533: result: o
configure:3537: checking whether we are using the GNU C++ compiler
configure:3556: g++ -c   conftest.cpp >&5
configure:3556: $? = 0
configure:3565: result: yes
configure:3574: checking whether g++ accepts -g
configure:3594: g++ -c -g  conftest.cpp >&5
configure:3594: $? = 0
configure:3635: result: yes
configure:3669: checking for style of include used by make
configure:3697: result: GNU
configure:3723: checking dependency style of g++
configure:3834: result: gcc3
configure:3897: checking for gcc
configure:3913: found /usr/bin/gcc
configure:3924: result: gcc
configure:4153: checking for C compiler version
configure:4162: gcc --version >&5
gcc (Ubuntu 5.4.1-2ubuntu1~16.04) 5.4.1 20160904
Copyright (C) 2015 Free Software Foundation, Inc.
This is free software; see the source for copying conditions.  There is NO
warranty; not even for MERCHANTABILITY or FITNESS FOR A PARTICULAR PURPOSE.

configure:4173: $? = 0
configure:4162: gcc -v >&5
Using built-in specs.
COLLECT_GCC=gcc
COLLECT_LTO_WRAPPER=/usr/lib/gcc/x86_64-linux-gnu/5/lto-wrapper
Target: x86_64-linux-gnu
Configured with: ../src/configure -v --with-pkgversion='Ubuntu 5.4.1-2ubuntu1~16.04' --with-bugurl=file:///usr/share/doc/gcc-5/README.Bugs --enable-languages=c,ada,c++,java,go,d,fortran,objc,obj-c++ --prefix=/usr --program-suffix=-5 --enable-shared --enable-linker-build-id --libexecdir=/usr/lib --without-included-gettext --enable-threads=posix --libdir=/usr/lib --enable-nls --with-sysroot=/ --enable-clocale=gnu --enable-libstdcxx-debug --enable-libstdcxx-time=yes --with-default-libstdcxx-abi=new --enable-gnu-unique-object --disable-vtable-verify --enable-libmpx --enable-plugin --with-system-zlib --disable-browser-plugin --enable-java-awt=gtk --enable-gtk-cairo --with-java-home=/usr/lib/jvm/java-1.5.0-gcj-5-amd64/jre --enable-java-home --with-jvm-root-dir=/usr/lib/jvm/java-1.5.0-gcj-5-amd64 --with-jvm-jar-dir=/usr/lib/jvm-exports/java-1.5.0-gcj-5-amd64 --with-arch-directory=amd64 --with-ecj-jar=/usr/share/java/eclipse-ecj.jar --enable-objc-gc --enable-multiarch --disable-werror --with-arch-32=i686 --with-abi=m64 --with-multilib-list=m32,m64,mx32 --enable-multilib --with-tune=generic --enable-checking=release --build=x86_64-linux-gnu --host=x86_64-linux-gnu --target=x86_64-linux-gnu
Thread model: posix
gcc version 5.4.1 20160904 (Ubuntu 5.4.1-2ubuntu1~16.04) 
configure:4173: $? = 0
configure:4162: gcc -V >&5
gcc: error: unrecognized command line option '-V'
gcc: fatal error: no input files
compilation terminated.
configure:4173: $? = 1
configure:4162: gcc -qversion >&5
gcc: error: unrecognized command line option '-qversion'
gcc: fatal error: no input files
compilation terminated.
configure:4173: $? = 1
configure:4177: checking whether we are using the GNU C compiler
configure:4196: gcc -c   conftest.c >&5
configure:4196: $? = 0
configure:4205: result: yes
configure:4214: checking whether gcc accepts -g
configure:4234: gcc -c -g  conftest.c >&5
configure:4234: $? = 0
configure:4275: result: yes
configure:4292: checking for gcc option to accept ISO C89
configure:4355: gcc  -c -g -O2  conftest.c >&5
configure:4355: $? = 0
configure:4368: result: none needed
configure:4393: checking whether gcc understands -c and -o together
configure:4415: gcc -c conftest.c -o conftest2.o
configure:4418: $? = 0
configure:4415: gcc -c conftest.c -o conftest2.o
configure:4418: $? = 0
configure:4430: result: yes
configure:4449: checking dependency style of gcc
configure:4560: result: gcc3
configure:4580: checking how to run the C preprocessor
configure:4611: gcc -E  conftest.c
configure:4611: $? = 0
configure:4625: gcc -E  conftest.c
conftest.c:9:28: fatal error: ac_nonexistent.h: No such file or directory
compilation terminated.
configure:4625: $? = 1
configure: failed program was:
| /* confdefs.h */
| #define PACKAGE_NAME "pkt2"
| #define PACKAGE_TARNAME "pkt2"
| #define PACKAGE_VERSION "0.1"
| #define PACKAGE_STRING "pkt2 0.1"
| #define PACKAGE_BUGREPORT "andrei.i.ivanov@commandus.com"
| #define PACKAGE_URL ""
| /* end confdefs.h.  */
| #include <ac_nonexistent.h>
configure:4650: result: gcc -E
configure:4670: gcc -E  conftest.c
configure:4670: $? = 0
configure:4684: gcc -E  conftest.c
conftest.c:9:28: fatal error: ac_nonexistent.h: No such file or directory
compilation terminated.
configure:4684: $? = 1
configure: failed program was:
| /* confdefs.h */
| #define PACKAGE_NAME "pkt2"
| #define PACKAGE_TARNAME "pkt2"
| #define PACKAGE_VERSION "0.1"
| #define PACKAGE_STRING "pkt2 0.1"
| #define PACKAGE_BUGREPORT "andrei.i.ivanov@commandus.com"
| #define PACKAGE_URL ""
| /* end confdefs.h.  */
| #include <ac_nonexistent.h>
configure:4742: checking build system type
configure:4756: result: x86_64-pc-linux-gnu
configure:4776: checking host system type
configure:4789: result: x86_64-pc-linux-gnu
configure:4830: checking how to print strings
configure:4857: result: printf
configure:4878: checking for a sed that does not truncate output
configure:4942: result: /bin/sed
configure:4960: checking for grep that handles long lines and -e
configure:5018: result: /bin/grep
configure:5023: checking for egrep
configure:5085: result: /bin/grep -E
configure:5090: checking for fgrep
configure:5152: result: /bin/grep -F
configure:5187: checking for ld used by gcc
configure:5254: result: /usr/bin/ld
configure:5261: checking if the linker (/usr/bin/ld) is GNU ld
configure:5276: result: yes
configure:5288: checking for BSD- or MS-compatible name lister (nm)
configure:5342: result: /usr/bin/nm -B
configure:5472: checking the name lister (/usr/bin/nm -B) interface
configure:5479: gcc -c -g -O2  conftest.c >&5
configure:5482: /usr/bin/nm -B "conftest.o"
configure:5485: output
0000000000000000 B some_variable
configure:5492: result: BSD nm
configure:5495: checking whether ln -s works
configure:5499: result: yes
configure:5507: checking the maximum length of command line arguments
configure:5638: result: 1572864
configure:5686: checking how to convert x86_64-pc-linux-gnu file names to x86_64-pc-linux-gnu format
configure:5726: result: func_convert_file_noop
configure:5733: checking how to convert x86_64-pc-linux-gnu file names to toolchain format
configure:5753: result: func_convert_file_noop
configure:5760: checking for /usr/bin/ld option to reload object files
configure:5767: result: -r
configure:5841: checking for objdump
configure:5857: found /usr/bin/objdump
configure:5868: result: objdump
configure:5900: checking how to recognize dependent libraries
configure:6100: result: pass_all
configure:6185: checking for dlltool
configure:6215: result: no
configure:6245: checking how to associate runtime and link libraries
configure:6272: result: printf %s\n
configure:6333: checking for ar
configure:6349: found /usr/bin/ar
configure:6360: result: ar
configure:6397: checking for archiver @FILE support
configure:6414: gcc -c -g -O2  conftest.c >&5
configure:6414: $? = 0
configure:6417: ar cru libconftest.a @conftest.lst >&5
ar: `u' modifier ignored since `D' is the default (see `U')
configure:6420: $? = 0
configure:6425: ar cru libconftest.a @conftest.lst >&5
ar: `u' modifier ignored since `D' is the default (see `U')
ar: conftest.o: No such file or directory
configure:6428: $? = 1
configure:6440: result: @
configure:6498: checking for strip
configure:6514: found /usr/bin/strip
configure:6525: result: strip
configure:6597: checking for ranlib
configure:6613: found /usr/bin/ranlib
configure:6624: result: ranlib
configure:6726: checking command to parse /usr/bin/nm -B output from gcc object
configure:6879: gcc -c -g -O2  conftest.c >&5
configure:6882: $? = 0
configure:6886: /usr/bin/nm -B conftest.o \| sed -n -e 's/^.*[ ]\([ABCDGIRSTW][ABCDGIRSTW]*\)[ ][ ]*\([_A-Za-z][_A-Za-z0-9]*\)$/\1 \2 \2/p' | sed '/ __gnu_lto/d' \> conftest.nm
configure:6889: $? = 0
configure:6955: gcc -o conftest -g -O2   conftest.c conftstm.o >&5
configure:6958: $? = 0
configure:6996: result: ok
configure:7043: checking for sysroot
configure:7073: result: no
configure:7080: checking for a working dd
configure:7118: result: /bin/dd
configure:7122: checking how to truncate binary pipes
configure:7137: result: /bin/dd bs=4096 count=1
configure:7273: gcc -c -g -O2  conftest.c >&5
configure:7276: $? = 0
configure:7466: checking for mt
configure:7482: found /bin/mt
configure:7493: result: mt
configure:7516: checking if mt is a manifest tool
configure:7522: mt '-?'
configure:7530: result: no
configure:8203: checking for ANSI C header files
configure:8223: gcc -c -g -O2  conftest.c >&5
configure:8223: $? = 0
configure:8296: gcc -o conftest -g -O2   conftest.c  >&5
configure:8296: $? = 0
configure:8296: ./conftest
configure:8296: $? = 0
configure:8307: result: yes
configure:8320: checking for sys/types.h
configure:8320: gcc -c -g -O2  conftest.c >&5
configure:8320: $? = 0
configure:8320: result: yes
configure:8320: checking for sys/stat.h
configure:8320: gcc -c -g -O2  conftest.c >&5
configure:8320: $? = 0
configure:8320: result: yes
configure:8320: checking for stdlib.h
configure:8320: gcc -c -g -O2  conftest.c >&5
configure:8320: $? = 0
configure:8320: result: yes
configure:8320: checking for string.h
configure:8320: gcc -c -g -O2  conftest.c >&5
configure:8320: $? = 0
configure:8320: result: yes
configure:8320: checking for memory.h
configure:8320: gcc -c -g -O2  conftest.c >&5
configure:8320: $? = 0
configure:8320: result: yes
configure:8320: checking for strings.h
configure:8320: gcc -c -g -O2  conftest.c >&5
configure:8320: $? = 0
configure:8320: result: yes
configure:8320: checking for inttypes.h
configure:8320: gcc -c -g -O2  conftest.c >&5
configure:8320: $? = 0
configure:8320: result: yes
configure:8320: checking for stdint.h
configure:8320: gcc -c -g -O2  conftest.c >&5
configure:8320: $? = 0
configure:8320: result: yes
configure:8320: checking for unistd.h
configure:8320: gcc -c -g -O2  conftest.c >&5
configure:8320: $? = 0
configure:8320: result: yes
configure:8334: checking for dlfcn.h
configure:8334: gcc -c -g -O2  conftest.c >&5
configure:8334: $? = 0
configure:8334: result: yes
configure:8601: checking for objdir
configure:8616: result: .libs
configure:8880: checking if gcc supports -fno-rtti -fno-exceptions
configure:8898: gcc -c -g -O2  -fno-rtti -fno-exceptions conftest.c >&5
cc1: warning: command line option '-fno-rtti' is valid for C++/ObjC++ but not for C
configure:8902: $? = 0
configure:8915: result: no
configure:9273: checking for gcc option to produce PIC
configure:9280: result: -fPIC -DPIC
configure:9288: checking if gcc PIC flag -fPIC -DPIC works
configure:9306: gcc -c -g -O2  -fPIC -DPIC -DPIC conftest.c >&5
configure:9310: $? = 0
configure:9323: result: yes
configure:9352: checking if gcc static flag -static works
configure:9380: result: yes
configure:9395: checking if gcc supports -c -o file.o
configure:9416: gcc -c -g -O2  -o out/conftest2.o conftest.c >&5
configure:9420: $? = 0
configure:9442: result: yes
configure:9450: checking if gcc supports -c -o file.o
configure:9497: result: yes
configure:9530: checking whether the gcc linker (/usr/bin/ld -m elf_x86_64) supports shared libraries
configure:10793: result: yes
configure:10830: checking whether -lc should be explicitly linked in
configure:10838: gcc -c -g -O2  conftest.c >&5
configure:10841: $? = 0
configure:10856: gcc -shared  -fPIC -DPIC conftest.o  -v -Wl,-soname -Wl,conftest -o conftest 2\>\&1 \| /bin/grep  -lc  \>/dev/null 2\>\&1
configure:10859: $? = 0
configure:10873: result: no
configure:11033: checking dynamic linker characteristics
configure:11614: gcc -o conftest -g -O2   -Wl,-rpath -Wl,/foo conftest.c  >&5
configure:11614: $? = 0
configure:11863: result: GNU/Linux ld.so
configure:11985: checking how to hardcode library paths into programs
configure:12010: result: immediate
configure:12558: checking whether stripping libraries is possible
configure:12563: result: yes
configure:12598: checking if libtool supports shared libraries
configure:12600: result: yes
configure:12603: checking whether to build shared libraries
configure:12628: result: yes
configure:12631: checking whether to build static libraries
configure:12635: result: yes
configure:12658: checking how to run the C++ preprocessor
configure:12685: g++ -E  conftest.cpp
configure:12685: $? = 0
configure:12699: g++ -E  conftest.cpp
conftest.cpp:21:28: fatal error: ac_nonexistent.h: No such file or directory
compilation terminated.
configure:12699: $? = 1
configure: failed program was:
| /* confdefs.h */
| #define PACKAGE_NAME "pkt2"
| #define PACKAGE_TARNAME "pkt2"
| #define PACKAGE_VERSION "0.1"
| #define PACKAGE_STRING "pkt2 0.1"
| #define PACKAGE_BUGREPORT "andrei.i.ivanov@commandus.com"
| #define PACKAGE_URL ""
| #define STDC_HEADERS 1
| #define HAVE_SYS_TYPES_H 1
| #define HAVE_SYS_STAT_H 1
| #define HAVE_STDLIB_H 1
| #define HAVE_STRING_H 1
| #define HAVE_MEMORY_H 1
| #define HAVE_STRINGS_H 1
| #define HAVE_INTTYPES_H 1
| #define HAVE_STDINT_H 1
| #define HAVE_UNISTD_H 1
| #define HAVE_DLFCN_H 1
| #define LT_OBJDIR ".libs/"
| /* end confdefs.h.  */
| #include <ac_nonexistent.h>
configure:12724: result: g++ -E
configure:12744: g++ -E  conftest.cpp
configure:12744: $? = 0
configure:12758: g++ -E  conftest.cpp
conftest.cpp:21:28: fatal error: ac_nonexistent.h: No such file or directory
compilation terminated.
configure:12758: $? = 1
configure: failed program was:
| /* confdefs.h */
| #define PACKAGE_NAME "pkt2"
| #define PACKAGE_TARNAME "pkt2"
| #define PACKAGE_VERSION "0.1"
| #define PACKAGE_STRING "pkt2 0.1"
| #define PACKAGE_BUGREPORT "andrei.i.ivanov@commandus.com"
| #define PACKAGE_URL ""
| #define STDC_HEADERS 1
| #define HAVE_SYS_TYPES_H 1
| #define HAVE_SYS_STAT_H 1
| #define HAVE_STDLIB_H 1
| #define HAVE_STRING_H 1
| #define HAVE_MEMORY_H 1
| #define HAVE_STRINGS_H 1
| #define HAVE_INTTYPES_H 1
| #define HAVE_STDINT_H 1
| #define HAVE_UNISTD_H 1
| #define HAVE_DLFCN_H 1
| #define LT_OBJDIR ".libs/"
| /* end confdefs.h.  */
| #include <ac_nonexistent.h>
configure:12920: checking for ld used by g++
configure:12987: result: /usr/bin/ld -m elf_x86_64
configure:12994: checking if the linker (/usr/bin/ld -m elf_x86_64) is GNU ld
configure:13009: result: yes
configure:13064: checking whether the g++ linker (/usr/bin/ld -m elf_x86_64) supports shared libraries
configure:14137: result: yes
configure:14173: g++ -c -g -O2  conftest.cpp >&5
configure:14176: $? = 0
configure:14657: checking for g++ option to produce PIC
configure:14664: result: -fPIC -DPIC
configure:14672: checking if g++ PIC flag -fPIC -DPIC works
configure:14690: g++ -c -g -O2  -fPIC -DPIC -DPIC conftest.cpp >&5
configure:14694: $? = 0
configure:14707: result: yes
configure:14730: checking if g++ static flag -static works
configure:14758: result: yes
configure:14770: checking if g++ supports -c -o file.o
configure:14791: g++ -c -g -O2  -o out/conftest2.o conftest.cpp >&5
configure:14795: $? = 0
configure:14817: result: yes
configure:14822: checking if g++ supports -c -o file.o
configure:14869: result: yes
configure:14899: checking whether the g++ linker (/usr/bin/ld -m elf_x86_64) supports shared libraries
configure:14942: result: yes
configure:15083: checking dynamic linker characteristics
configure:15840: result: GNU/Linux ld.so
configure:15905: checking how to hardcode library paths into programs
configure:15930: result: immediate
configure:15998: checking fcntl.h usability
configure:15998: gcc -c -g -O2  conftest.c >&5
configure:15998: $? = 0
configure:15998: result: yes
configure:15998: checking fcntl.h presence
configure:15998: gcc -E  conftest.c
configure:15998: $? = 0
configure:15998: result: yes
configure:15998: checking for fcntl.h
configure:15998: result: yes
configure:15998: checking limits.h usability
configure:15998: gcc -c -g -O2  conftest.c >&5
configure:15998: $? = 0
configure:15998: result: yes
configure:15998: checking limits.h presence
configure:15998: gcc -E  conftest.c
configure:15998: $? = 0
configure:15998: result: yes
configure:15998: checking for limits.h
configure:15998: result: yes
configure:15998: checking for stdint.h
configure:15998: result: yes
configure:15998: checking for string.h
configure:15998: result: yes
configure:15998: checking sys/time.h usability
configure:15998: gcc -c -g -O2  conftest.c >&5
configure:15998: $? = 0
configure:15998: result: yes
configure:15998: checking sys/time.h presence
configure:15998: gcc -E  conftest.c
configure:15998: $? = 0
configure:15998: result: yes
configure:15998: checking for sys/time.h
configure:15998: result: yes
configure:15998: checking termios.h usability
configure:15998: gcc -c -g -O2  conftest.c >&5
configure:15998: $? = 0
configure:15998: result: yes
configure:15998: checking termios.h presence
configure:15998: gcc -E  conftest.c
configure:15998: $? = 0
configure:15998: result: yes
configure:15998: checking for termios.h
configure:15998: result: yes
configure:15998: checking for unistd.h
configure:15998: result: yes
configure:16010: checking argtable2.h usability
configure:16010: gcc -c -g -O2  conftest.c >&5
configure:16010: $? = 0
configure:16010: result: yes
configure:16010: checking argtable2.h presence
configure:16010: gcc -E  conftest.c
configure:16010: $? = 0
configure:16010: result: yes
configure:16010: checking for argtable2.h
configure:16010: result: yes
configure:16025: checking libpq-fe.h usability
configure:16025: gcc -c -g -O2  conftest.c >&5
conftest.c:62:22: fatal error: libpq-fe.h: No such file or directory
compilation terminated.
configure:16025: $? = 1
configure: failed program was:
| /* confdefs.h */
| #define PACKAGE_NAME "pkt2"
| #define PACKAGE_TARNAME "pkt2"
| #define PACKAGE_VERSION "0.1"
| #define PACKAGE_STRING "pkt2 0.1"
| #define PACKAGE_BUGREPORT "andrei.i.ivanov@commandus.com"
| #define PACKAGE_URL ""
| #define STDC_HEADERS 1
| #define HAVE_SYS_TYPES_H 1
| #define HAVE_SYS_STAT_H 1
| #define HAVE_STDLIB_H 1
| #define HAVE_STRING_H 1
| #define HAVE_MEMORY_H 1
| #define HAVE_STRINGS_H 1
| #define HAVE_INTTYPES_H 1
| #define HAVE_STDINT_H 1
| #define HAVE_UNISTD_H 1
| #define HAVE_DLFCN_H 1
| #define LT_OBJDIR ".libs/"
| #define HAVE_FCNTL_H 1
| #define HAVE_LIMITS_H 1
| #define HAVE_STDINT_H 1
| #define HAVE_STRING_H 1
| #define HAVE_SYS_TIME_H 1
| #define HAVE_TERMIOS_H 1
| #define HAVE_UNISTD_H 1
| #define HAVE_ARGTABLE2_H 1
| /* end confdefs.h.  */
| #include <stdio.h>
| #ifdef HAVE_SYS_TYPES_H
| # include <sys/types.h>
| #endif
| #ifdef HAVE_SYS_STAT_H
| # include <sys/stat.h>
| #endif
| #ifdef STDC_HEADERS
| # include <stdlib.h>
| # include <stddef.h>
| #else
| # ifdef HAVE_STDLIB_H
| #  include <stdlib.h>
| # endif
| #endif
| #ifdef HAVE_STRING_H
| # if !defined STDC_HEADERS && defined HAVE_MEMORY_H
| #  include <memory.h>
| # endif
| # include <string.h>
| #endif
| #ifdef HAVE_STRINGS_H
| # include <strings.h>
| #endif
| #ifdef HAVE_INTTYPES_H
| # include <inttypes.h>
| #endif
| #ifdef HAVE_STDINT_H
| # include <stdint.h>
| #endif
| #ifdef HAVE_UNISTD_H
| # include <unistd.h>
| #endif
| #include <libpq-fe.h>
configure:16025: result: no
configure:16025: checking libpq-fe.h presence
configure:16025: gcc -E  conftest.c
conftest.c:29:22: fatal error: libpq-fe.h: No such file or directory
compilation terminated.
configure:16025: $? = 1
configure: failed program was:
| /* confdefs.h */
| #define PACKAGE_NAME "pkt2"
| #define PACKAGE_TARNAME "pkt2"
| #define PACKAGE_VERSION "0.1"
| #define PACKAGE_STRING "pkt2 0.1"
| #define PACKAGE_BUGREPORT "andrei.i.ivanov@commandus.com"
| #define PACKAGE_URL ""
| #define STDC_HEADERS 1
| #define HAVE_SYS_TYPES_H 1
| #define HAVE_SYS_STAT_H 1
| #define HAVE_STDLIB_H 1
| #define HAVE_STRING_H 1
| #define HAVE_MEMORY_H 1
| #define HAVE_STRINGS_H 1
| #define HAVE_INTTYPES_H 1
| #define HAVE_STDINT_H 1
| #define HAVE_UNISTD_H 1
| #define HAVE_DLFCN_H 1
| #define LT_OBJDIR ".libs/"
| #define HAVE_FCNTL_H 1
| #define HAVE_LIMITS_H 1
| #define HAVE_STDINT_H 1
| #define HAVE_STRING_H 1
| #define HAVE_SYS_TIME_H 1
| #define HAVE_TERMIOS_H 1
| #define HAVE_UNISTD_H 1
| #define HAVE_ARGTABLE2_H 1
| /* end confdefs.h.  */
| #include <libpq-fe.h>
configure:16025: result: no
configure:16025: checking for libpq-fe.h
configure:16025: result: no
configure:16042: checking /usr/include/postgresql/libpq-fe.h usability
configure:16042: gcc -c -g -O2  -I/usr/include/postgresql conftest.c >&5
configure:16042: $? = 0
configure:16042: result: yes
configure:16042: checking /usr/include/postgresql/libpq-fe.h presence
configure:16042: gcc -E  -I/usr/include/postgresql conftest.c
configure:16042: $? = 0
configure:16042: result: yes
configure:16042: checking for /usr/include/postgresql/libpq-fe.h
configure:16042: result: yes
configure:16147: checking for PQfformat in -lpq
configure:16172: gcc -o conftest -g -O2  -I/usr/include/postgresql  conftest.c -lpq   >&5
configure:16172: $? = 0
configure:16181: result: yes
configure:16251: checking for arg_parse in -largtable2
configure:16276: gcc -o conftest -g -O2  -I/usr/include/postgresql  conftest.c -largtable2  -lpq  >&5
configure:16276: $? = 0
configure:16285: result: yes
configure:16301: checking for inline
configure:16317: gcc -c -g -O2  -I/usr/include/postgresql conftest.c >&5
configure:16317: $? = 0
configure:16325: result: inline
configure:16343: checking for int32_t
configure:16343: gcc -c -g -O2  -I/usr/include/postgresql conftest.c >&5
configure:16343: $? = 0
configure:16343: gcc -c -g -O2  -I/usr/include/postgresql conftest.c >&5
conftest.c: In function 'main':
conftest.c:70:53: warning: integer overflow in expression [-Woverflow]
    < (int32_t) (((((int32_t) 1 << N) << N) - 1) * 2 + 2))];
                                                     ^
conftest.c:69:12: error: storage size of 'test_array' isn't constant
 static int test_array [1 - 2 * !((int32_t) (((((int32_t) 1 << N) << N) - 1) * 2 + 1)
            ^
configure:16343: $? = 1
configure: failed program was:
| /* confdefs.h */
| #define PACKAGE_NAME "pkt2"
| #define PACKAGE_TARNAME "pkt2"
| #define PACKAGE_VERSION "0.1"
| #define PACKAGE_STRING "pkt2 0.1"
| #define PACKAGE_BUGREPORT "andrei.i.ivanov@commandus.com"
| #define PACKAGE_URL ""
| #define STDC_HEADERS 1
| #define HAVE_SYS_TYPES_H 1
| #define HAVE_SYS_STAT_H 1
| #define HAVE_STDLIB_H 1
| #define HAVE_STRING_H 1
| #define HAVE_MEMORY_H 1
| #define HAVE_STRINGS_H 1
| #define HAVE_INTTYPES_H 1
| #define HAVE_STDINT_H 1
| #define HAVE_UNISTD_H 1
| #define HAVE_DLFCN_H 1
| #define LT_OBJDIR ".libs/"
| #define HAVE_FCNTL_H 1
| #define HAVE_LIMITS_H 1
| #define HAVE_STDINT_H 1
| #define HAVE_STRING_H 1
| #define HAVE_SYS_TIME_H 1
| #define HAVE_TERMIOS_H 1
| #define HAVE_UNISTD_H 1
| #define HAVE_ARGTABLE2_H 1
| #define HAVE__USR_INCLUDE_POSTGRESQL_LIBPQ_FE_H 1
| #define HAVE_LIBPQ 1
| #define HAVE_LIBARGTABLE2 1
| /* end confdefs.h.  */
| #include <stdio.h>
| #ifdef HAVE_SYS_TYPES_H
| # include <sys/types.h>
| #endif
| #ifdef HAVE_SYS_STAT_H
| # include <sys/stat.h>
| #endif
| #ifdef STDC_HEADERS
| # include <stdlib.h>
| # include <stddef.h>
| #else
| # ifdef HAVE_STDLIB_H
| #  include <stdlib.h>
| # endif
| #endif
| #ifdef HAVE_STRING_H
| # if !defined STDC_HEADERS && defined HAVE_MEMORY_H
| #  include <memory.h>
| # endif
| # include <string.h>
| #endif
| #ifdef HAVE_STRINGS_H
| # include <strings.h>
| #endif
| #ifdef HAVE_INTTYPES_H
| # include <inttypes.h>
| #endif
| #ifdef HAVE_STDINT_H
| # include <stdint.h>
| #endif
| #ifdef HAVE_UNISTD_H
| # include <unistd.h>
| #endif
| 	        enum { N = 32 / 2 - 1 };
| int
| main ()
| {
| static int test_array [1 - 2 * !((int32_t) (((((int32_t) 1 << N) << N) - 1) * 2 + 1)
| 		 < (int32_t) (((((int32_t) 1 << N) << N) - 1) * 2 + 2))];
| test_array [0] = 0;
| return test_array [0];
| 
|   ;
|   return 0;
| }
configure:16343: result: yes
configure:16354: checking for int64_t
configure:16354: gcc -c -g -O2  -I/usr/include/postgresql conftest.c >&5
configure:16354: $? = 0
configure:16354: gcc -c -g -O2  -I/usr/include/postgresql conftest.c >&5
conftest.c: In function 'main':
conftest.c:70:53: warning: integer overflow in expression [-Woverflow]
    < (int64_t) (((((int64_t) 1 << N) << N) - 1) * 2 + 2))];
                                                     ^
conftest.c:69:12: error: storage size of 'test_array' isn't constant
 static int test_array [1 - 2 * !((int64_t) (((((int64_t) 1 << N) << N) - 1) * 2 + 1)
            ^
configure:16354: $? = 1
configure: failed program was:
| /* confdefs.h */
| #define PACKAGE_NAME "pkt2"
| #define PACKAGE_TARNAME "pkt2"
| #define PACKAGE_VERSION "0.1"
| #define PACKAGE_STRING "pkt2 0.1"
| #define PACKAGE_BUGREPORT "andrei.i.ivanov@commandus.com"
| #define PACKAGE_URL ""
| #define STDC_HEADERS 1
| #define HAVE_SYS_TYPES_H 1
| #define HAVE_SYS_STAT_H 1
| #define HAVE_STDLIB_H 1
| #define HAVE_STRING_H 1
| #define HAVE_MEMORY_H 1
| #define HAVE_STRINGS_H 1
| #define HAVE_INTTYPES_H 1
| #define HAVE_STDINT_H 1
| #define HAVE_UNISTD_H 1
| #define HAVE_DLFCN_H 1
| #define LT_OBJDIR ".libs/"
| #define HAVE_FCNTL_H 1
| #define HAVE_LIMITS_H 1
| #define HAVE_STDINT_H 1
| #define HAVE_STRING_H 1
| #define HAVE_SYS_TIME_H 1
| #define HAVE_TERMIOS_H 1
| #define HAVE_UNISTD_H 1
| #define HAVE_ARGTABLE2_H 1
| #define HAVE__USR_INCLUDE_POSTGRESQL_LIBPQ_FE_H 1
| #define HAVE_LIBPQ 1
| #define HAVE_LIBARGTABLE2 1
| /* end confdefs.h.  */
| #include <stdio.h>
| #ifdef HAVE_SYS_TYPES_H
| # include <sys/types.h>
| #endif
| #ifdef HAVE_SYS_STAT_H
| # include <sys/stat.h>
| #endif
| #ifdef STDC_HEADERS
| # include <stdlib.h>
| # include <stddef.h>
| #else
| # ifdef HAVE_STDLIB_H
| #  include <stdlib.h>
| # endif
| #endif
| #ifdef HAVE_STRING_H
| # if !defined STDC_HEADERS && defined HAVE_MEMORY_H
| #  include <memory.h>
| # endif
| # include <string.h>
| #endif
| #ifdef HAVE_STRINGS_H
| # include <strings.h>
| #endif
| #ifdef HAVE_INTTYPES_H
| # include <inttypes.h>
| #endif
| #ifdef HAVE_STDINT_H
| # include <stdint.h>
| #endif
| #ifdef HAVE_UNISTD_H
| # include <unistd.h>
| #endif
| 	        enum { N = 64 / 2 - 1 };
| int
| main ()
| {
| static int test_array [1 - 2 * !((int64_t) (((((int64_t) 1 << N) << N) - 1) * 2 + 1)
| 		 < (int64_t) (((((int64_t) 1 << N) << N) - 1) * 2 + 2))];
| test_array [0] = 0;
| return test_array [0];
| 
|   ;
|   return 0;
| }
configure:16354: result: yes
configure:16365: checking for size_t
configure:16365: gcc -c -g -O2  -I/usr/include/postgresql conftest.c >&5
configure:16365: $? = 0
configure:16365: gcc -c -g -O2  -I/usr/include/postgresql conftest.c >&5
conftest.c: In function 'main':
conftest.c:68:21: error: expected expression before ')' token
 if (sizeof ((size_t)))
                     ^
configure:16365: $? = 1
configure: failed program was:
| /* confdefs.h */
| #define PACKAGE_NAME "pkt2"
| #define PACKAGE_TARNAME "pkt2"
| #define PACKAGE_VERSION "0.1"
| #define PACKAGE_STRING "pkt2 0.1"
| #define PACKAGE_BUGREPORT "andrei.i.ivanov@commandus.com"
| #define PACKAGE_URL ""
| #define STDC_HEADERS 1
| #define HAVE_SYS_TYPES_H 1
| #define HAVE_SYS_STAT_H 1
| #define HAVE_STDLIB_H 1
| #define HAVE_STRING_H 1
| #define HAVE_MEMORY_H 1
| #define HAVE_STRINGS_H 1
| #define HAVE_INTTYPES_H 1
| #define HAVE_STDINT_H 1
| #define HAVE_UNISTD_H 1
| #define HAVE_DLFCN_H 1
| #define LT_OBJDIR ".libs/"
| #define HAVE_FCNTL_H 1
| #define HAVE_LIMITS_H 1
| #define HAVE_STDINT_H 1
| #define HAVE_STRING_H 1
| #define HAVE_SYS_TIME_H 1
| #define HAVE_TERMIOS_H 1
| #define HAVE_UNISTD_H 1
| #define HAVE_ARGTABLE2_H 1
| #define HAVE__USR_INCLUDE_POSTGRESQL_LIBPQ_FE_H 1
| #define HAVE_LIBPQ 1
| #define HAVE_LIBARGTABLE2 1
| /* end confdefs.h.  */
| #include <stdio.h>
| #ifdef HAVE_SYS_TYPES_H
| # include <sys/types.h>
| #endif
| #ifdef HAVE_SYS_STAT_H
| # include <sys/stat.h>
| #endif
| #ifdef STDC_HEADERS
| # include <stdlib.h>
| # include <stddef.h>
| #else
| # ifdef HAVE_STDLIB_H
| #  include <stdlib.h>
| # endif
| #endif
| #ifdef HAVE_STRING_H
| # if !defined STDC_HEADERS && defined HAVE_MEMORY_H
| #  include <memory.h>
| # endif
| # include <string.h>
| #endif
| #ifdef HAVE_STRINGS_H
| # include <strings.h>
| #endif
| #ifdef HAVE_INTTYPES_H
| # include <inttypes.h>
| #endif
| #ifdef HAVE_STDINT_H
| # include <stdint.h>
| #endif
| #ifdef HAVE_UNISTD_H
| # include <unistd.h>
| #endif
| int
| main ()
| {
| if (sizeof ((size_t)))
| 	    return 0;
|   ;
|   return 0;
| }
configure:16365: result: yes
configure:16376: checking for uint64_t
configure:16376: gcc -c -g -O2  -I/usr/include/postgresql conftest.c >&5
configure:16376: $? = 0
configure:16376: result: yes
configure:16392: checking for pid_t
configure:16392: gcc -c -g -O2  -I/usr/include/postgresql conftest.c >&5
configure:16392: $? = 0
configure:16392: gcc -c -g -O2  -I/usr/include/postgresql conftest.c >&5
conftest.c: In function 'main':
conftest.c:68:20: error: expected expression before ')' token
 if (sizeof ((pid_t)))
                    ^
configure:16392: $? = 1
configure: failed program was:
| /* confdefs.h */
| #define PACKAGE_NAME "pkt2"
| #define PACKAGE_TARNAME "pkt2"
| #define PACKAGE_VERSION "0.1"
| #define PACKAGE_STRING "pkt2 0.1"
| #define PACKAGE_BUGREPORT "andrei.i.ivanov@commandus.com"
| #define PACKAGE_URL ""
| #define STDC_HEADERS 1
| #define HAVE_SYS_TYPES_H 1
| #define HAVE_SYS_STAT_H 1
| #define HAVE_STDLIB_H 1
| #define HAVE_STRING_H 1
| #define HAVE_MEMORY_H 1
| #define HAVE_STRINGS_H 1
| #define HAVE_INTTYPES_H 1
| #define HAVE_STDINT_H 1
| #define HAVE_UNISTD_H 1
| #define HAVE_DLFCN_H 1
| #define LT_OBJDIR ".libs/"
| #define HAVE_FCNTL_H 1
| #define HAVE_LIMITS_H 1
| #define HAVE_STDINT_H 1
| #define HAVE_STRING_H 1
| #define HAVE_SYS_TIME_H 1
| #define HAVE_TERMIOS_H 1
| #define HAVE_UNISTD_H 1
| #define HAVE_ARGTABLE2_H 1
| #define HAVE__USR_INCLUDE_POSTGRESQL_LIBPQ_FE_H 1
| #define HAVE_LIBPQ 1
| #define HAVE_LIBARGTABLE2 1
| /* end confdefs.h.  */
| #include <stdio.h>
| #ifdef HAVE_SYS_TYPES_H
| # include <sys/types.h>
| #endif
| #ifdef HAVE_SYS_STAT_H
| # include <sys/stat.h>
| #endif
| #ifdef STDC_HEADERS
| # include <stdlib.h>
| # include <stddef.h>
| #else
| # ifdef HAVE_STDLIB_H
| #  include <stdlib.h>
| # endif
| #endif
| #ifdef HAVE_STRING_H
| # if !defined STDC_HEADERS && defined HAVE_MEMORY_H
| #  include <memory.h>
| # endif
| # include <string.h>
| #endif
| #ifdef HAVE_STRINGS_H
| # include <strings.h>
| #endif
| #ifdef HAVE_INTTYPES_H
| # include <inttypes.h>
| #endif
| #ifdef HAVE_STDINT_H
| # include <stdint.h>
| #endif
| #ifdef HAVE_UNISTD_H
| # include <unistd.h>
| #endif
| int
| main ()
| {
| if (sizeof ((pid_t)))
| 	    return 0;
|   ;
|   return 0;
| }
configure:16392: result: yes
configure:16405: checking vfork.h usability
configure:16405: gcc -c -g -O2  -I/usr/include/postgresql conftest.c >&5
conftest.c:65:19: fatal error: vfork.h: No such file or directory
compilation terminated.
configure:16405: $? = 1
configure: failed program was:
| /* confdefs.h */
| #define PACKAGE_NAME "pkt2"
| #define PACKAGE_TARNAME "pkt2"
| #define PACKAGE_VERSION "0.1"
| #define PACKAGE_STRING "pkt2 0.1"
| #define PACKAGE_BUGREPORT "andrei.i.ivanov@commandus.com"
| #define PACKAGE_URL ""
| #define STDC_HEADERS 1
| #define HAVE_SYS_TYPES_H 1
| #define HAVE_SYS_STAT_H 1
| #define HAVE_STDLIB_H 1
| #define HAVE_STRING_H 1
| #define HAVE_MEMORY_H 1
| #define HAVE_STRINGS_H 1
| #define HAVE_INTTYPES_H 1
| #define HAVE_STDINT_H 1
| #define HAVE_UNISTD_H 1
| #define HAVE_DLFCN_H 1
| #define LT_OBJDIR ".libs/"
| #define HAVE_FCNTL_H 1
| #define HAVE_LIMITS_H 1
| #define HAVE_STDINT_H 1
| #define HAVE_STRING_H 1
| #define HAVE_SYS_TIME_H 1
| #define HAVE_TERMIOS_H 1
| #define HAVE_UNISTD_H 1
| #define HAVE_ARGTABLE2_H 1
| #define HAVE__USR_INCLUDE_POSTGRESQL_LIBPQ_FE_H 1
| #define HAVE_LIBPQ 1
| #define HAVE_LIBARGTABLE2 1
| /* end confdefs.h.  */
| #include <stdio.h>
| #ifdef HAVE_SYS_TYPES_H
| # include <sys/types.h>
| #endif
| #ifdef HAVE_SYS_STAT_H
| # include <sys/stat.h>
| #endif
| #ifdef STDC_HEADERS
| # include <stdlib.h>
| # include <stddef.h>
| #else
| # ifdef HAVE_STDLIB_H
| #  include <stdlib.h>
| # endif
| #endif
| #ifdef HAVE_STRING_H
| # if !defined STDC_HEADERS && defined HAVE_MEMORY_H
| #  include <memory.h>
| # endif
| # include <string.h>
| #endif
| #ifdef HAVE_STRINGS_H
| # include <strings.h>
| #endif
| #ifdef HAVE_INTTYPES_H
| # include <inttypes.h>
| #endif
| #ifdef HAVE_STDINT_H
| # include <stdint.h>
| #endif
| #ifdef HAVE_UNISTD_H
| # include <unistd.h>
| #endif
| #include <vfork.h>
configure:16405: result: no
configure:16405: checking vfork.h presence
configure:16405: gcc -E  -I/usr/include/postgresql conftest.c
conftest.c:32:19: fatal error: vfork.h: No such file or directory
compilation terminated.
configure:16405: $? = 1
configure: failed program was:
| /* confdefs.h */
| #define PACKAGE_NAME "pkt2"
| #define PACKAGE_TARNAME "pkt2"
| #define PACKAGE_VERSION "0.1"
| #define PACKAGE_STRING "pkt2 0.1"
| #define PACKAGE_BUGREPORT "andrei.i.ivanov@commandus.com"
| #define PACKAGE_URL ""
| #define STDC_HEADERS 1
| #define HAVE_SYS_TYPES_H 1
| #define HAVE_SYS_STAT_H 1
| #define HAVE_STDLIB_H 1
| #define HAVE_STRING_H 1
| #define HAVE_MEMORY_H 1
| #define HAVE_STRINGS_H 1
| #define HAVE_INTTYPES_H 1
| #define HAVE_STDINT_H 1
| #define HAVE_UNISTD_H 1
| #define HAVE_DLFCN_H 1
| #define LT_OBJDIR ".libs/"
| #define HAVE_FCNTL_H 1
| #define HAVE_LIMITS_H 1
| #define HAVE_STDINT_H 1
| #define HAVE_STRING_H 1
| #define HAVE_SYS_TIME_H 1
| #define HAVE_TERMIOS_H 1
| #define HAVE_UNISTD_H 1
| #define HAVE_ARGTABLE2_H 1
| #define HAVE__USR_INCLUDE_POSTGRESQL_LIBPQ_FE_H 1
| #define HAVE_LIBPQ 1
| #define HAVE_LIBARGTABLE2 1
| /* end confdefs.h.  */
| #include <vfork.h>
configure:16405: result: no
configure:16405: checking for vfork.h
configure:16405: result: no
configure:16418: checking for fork
configure:16418: gcc -o conftest -g -O2  -I/usr/include/postgresql  conftest.c -largtable2 -lpq  >&5
conftest.c:55:6: warning: conflicting types for built-in function 'fork'
 char fork ();
      ^
configure:16418: $? = 0
configure:16418: result: yes
configure:16418: checking for vfork
configure:16418: gcc -o conftest -g -O2  -I/usr/include/postgresql  conftest.c -largtable2 -lpq  >&5
configure:16418: $? = 0
configure:16418: result: yes
configure:16428: checking for working fork
configure:16450: gcc -o conftest -g -O2  -I/usr/include/postgresql  conftest.c -largtable2 -lpq  >&5
configure:16450: $? = 0
configure:16450: ./conftest
configure:16450: $? = 0
configure:16460: result: yes
configure:16481: checking for working vfork
configure:16591: result: yes
configure:16619: checking for memmove
configure:16619: gcc -o conftest -g -O2  -I/usr/include/postgresql  conftest.c -largtable2 -lpq  >&5
conftest.c:59:6: warning: conflicting types for built-in function 'memmove'
 char memmove ();
      ^
configure:16619: $? = 0
configure:16619: result: yes
configure:16619: checking for memset
configure:16619: gcc -o conftest -g -O2  -I/usr/include/postgresql  conftest.c -largtable2 -lpq  >&5
conftest.c:60:6: warning: conflicting types for built-in function 'memset'
 char memset ();
      ^
configure:16619: $? = 0
configure:16619: result: yes
configure:16738: checking that generated files are newer than configure
configure:16744: result: done
configure:16771: creating ./config.status

## ---------------------- ##
## Running config.status. ##
## ---------------------- ##

This file was extended by pkt2 config.status 0.1, which was
generated by GNU Autoconf 2.69.  Invocation command line was

  CONFIG_FILES    = 
  CONFIG_HEADERS  = 
  CONFIG_LINKS    = 
  CONFIG_COMMANDS = 
  $ ./config.status 

on ubuntu16

config.status:1162: creating Makefile
config.status:1162: creating config.h
config.status:1343: config.h is unchanged
config.status:1391: executing depfiles commands
config.status:1391: executing libtool commands

## ---------------- ##
## Cache variables. ##
## ---------------- ##

ac_cv_build=x86_64-pc-linux-gnu
ac_cv_c_compiler_gnu=yes
ac_cv_c_inline=inline
ac_cv_c_int32_t=yes
ac_cv_c_int64_t=yes
ac_cv_c_uint64_t=yes
ac_cv_cxx_compiler_gnu=yes
ac_cv_env_CCC_set=
ac_cv_env_CCC_value=
ac_cv_env_CC_set=
ac_cv_env_CC_value=
ac_cv_env_CFLAGS_set=
ac_cv_env_CFLAGS_value=
ac_cv_env_CPPFLAGS_set=
ac_cv_env_CPPFLAGS_value=
ac_cv_env_CPP_set=
ac_cv_env_CPP_value=
ac_cv_env_CXXCPP_set=
ac_cv_env_CXXCPP_value=
ac_cv_env_CXXFLAGS_set=
ac_cv_env_CXXFLAGS_value=
ac_cv_env_CXX_set=
ac_cv_env_CXX_value=
ac_cv_env_LDFLAGS_set=
ac_cv_env_LDFLAGS_value=
ac_cv_env_LIBS_set=
ac_cv_env_LIBS_value=
ac_cv_env_LT_SYS_LIBRARY_PATH_set=
ac_cv_env_LT_SYS_LIBRARY_PATH_value=
ac_cv_env_build_alias_set=
ac_cv_env_build_alias_value=
ac_cv_env_host_alias_set=
ac_cv_env_host_alias_value=
ac_cv_env_target_alias_set=
ac_cv_env_target_alias_value=
ac_cv_func_fork=yes
ac_cv_func_fork_works=yes
ac_cv_func_memmove=yes
ac_cv_func_memset=yes
ac_cv_func_vfork=yes
ac_cv_func_vfork_works=yes
ac_cv_header__usr_include_postgresql_libpq_fe_h=yes
ac_cv_header_argtable2_h=yes
ac_cv_header_dlfcn_h=yes
ac_cv_header_fcntl_h=yes
ac_cv_header_inttypes_h=yes
ac_cv_header_libpq_fe_h=no
ac_cv_header_limits_h=yes
ac_cv_header_memory_h=yes
ac_cv_header_stdc=yes
ac_cv_header_stdint_h=yes
ac_cv_header_stdlib_h=yes
ac_cv_header_string_h=yes
ac_cv_header_strings_h=yes
ac_cv_header_sys_stat_h=yes
ac_cv_header_sys_time_h=yes
ac_cv_header_sys_types_h=yes
ac_cv_header_termios_h=yes
ac_cv_header_unistd_h=yes
ac_cv_header_vfork_h=no
ac_cv_host=x86_64-pc-linux-gnu
ac_cv_lib_argtable2_arg_parse=yes
ac_cv_lib_pq_PQfformat=yes
ac_cv_objext=o
ac_cv_path_EGREP='/bin/grep -E'
ac_cv_path_FGREP='/bin/grep -F'
ac_cv_path_GREP=/bin/grep
ac_cv_path_SED=/bin/sed
ac_cv_path_install='/usr/bin/install -c'
ac_cv_path_lt_DD=/bin/dd
ac_cv_path_mkdir=/bin/mkdir
ac_cv_prog_AWK=gawk
ac_cv_prog_CPP='gcc -E'
ac_cv_prog_CXXCPP='g++ -E'
ac_cv_prog_ac_ct_AR=ar
ac_cv_prog_ac_ct_CC=gcc
ac_cv_prog_ac_ct_CXX=g++
ac_cv_prog_ac_ct_MANIFEST_TOOL=mt
ac_cv_prog_ac_ct_OBJDUMP=objdump
ac_cv_prog_ac_ct_RANLIB=ranlib
ac_cv_prog_ac_ct_STRIP=strip
ac_cv_prog_cc_c89=
ac_cv_prog_cc_g=yes
ac_cv_prog_cxx_g=yes
ac_cv_prog_make_make_set=yes
ac_cv_type_pid_t=yes
ac_cv_type_size_t=yes
am_cv_CC_dependencies_compiler_type=gcc3
am_cv_CXX_dependencies_compiler_type=gcc3
am_cv_make_support_nested_variables=yes
am_cv_prog_cc_c_o=yes
lt_cv_ar_at_file=@
lt_cv_archive_cmds_need_lc=no
lt_cv_deplibs_check_method=pass_all
lt_cv_file_magic_cmd='$MAGIC_CMD'
lt_cv_file_magic_test_file=
lt_cv_ld_reload_flag=-r
lt_cv_nm_interface='BSD nm'
lt_cv_objdir=.libs
lt_cv_path_LD=/usr/bin/ld
lt_cv_path_LDCXX='/usr/bin/ld -m elf_x86_64'
lt_cv_path_NM='/usr/bin/nm -B'
lt_cv_path_mainfest_tool=no
lt_cv_prog_compiler_c_o=yes
lt_cv_prog_compiler_c_o_CXX=yes
lt_cv_prog_compiler_pic='-fPIC -DPIC'
lt_cv_prog_compiler_pic_CXX='-fPIC -DPIC'
lt_cv_prog_compiler_pic_works=yes
lt_cv_prog_compiler_pic_works_CXX=yes
lt_cv_prog_compiler_rtti_exceptions=no
lt_cv_prog_compiler_static_works=yes
lt_cv_prog_compiler_static_works_CXX=yes
lt_cv_prog_gnu_ld=yes
lt_cv_prog_gnu_ldcxx=yes
lt_cv_sharedlib_from_linklib_cmd='printf %s\n'
lt_cv_shlibpath_overrides_runpath=no
lt_cv_sys_global_symbol_pipe='sed -n -e '\''s/^.*[	 ]\([ABCDGIRSTW][ABCDGIRSTW]*\)[	 ][	 ]*\([_A-Za-z][_A-Za-z0-9]*\)$/\1 \2 \2/p'\'' | sed '\''/ __gnu_lto/d'\'''
lt_cv_sys_global_symbol_to_c_name_address='sed -n -e '\''s/^: \(.*\) .*$/  {"\1", (void *) 0},/p'\'' -e '\''s/^[ABCDGIRSTW][ABCDGIRSTW]* .* \(.*\)$/  {"\1", (void *) \&\1},/p'\'''
lt_cv_sys_global_symbol_to_c_name_address_lib_prefix='sed -n -e '\''s/^: \(.*\) .*$/  {"\1", (void *) 0},/p'\'' -e '\''s/^[ABCDGIRSTW][ABCDGIRSTW]* .* \(lib.*\)$/  {"\1", (void *) \&\1},/p'\'' -e '\''s/^[ABCDGIRSTW][ABCDGIRSTW]* .* \(.*\)$/  {"lib\1", (void *) \&\1},/p'\'''
lt_cv_sys_global_symbol_to_cdecl='sed -n -e '\''s/^T .* \(.*\)$/extern int \1();/p'\'' -e '\''s/^[ABCDGIRSTW][ABCDGIRSTW]* .* \(.*\)$/extern char \1;/p'\'''
lt_cv_sys_global_symbol_to_import=
lt_cv_sys_max_cmd_len=1572864
lt_cv_to_host_file_cmd=func_convert_file_noop
lt_cv_to_tool_file_cmd=func_convert_file_noop
lt_cv_truncate_bin='/bin/dd bs=4096 count=1'

## ----------------- ##
## Output variables. ##
## ----------------- ##

ACLOCAL='${SHELL} /home/andrei/src/pkt2/missing aclocal-1.15'
AMDEPBACKSLASH='\'
AMDEP_FALSE='#'
AMDEP_TRUE=''
AMTAR='$${TAR-tar}'
AM_BACKSLASH='\'
AM_DEFAULT_V='$(AM_DEFAULT_VERBOSITY)'
AM_DEFAULT_VERBOSITY='1'
AM_V='$(V)'
AR='ar'
AUTOCONF='${SHELL} /home/andrei/src/pkt2/missing autoconf'
AUTOHEADER='${SHELL} /home/andrei/src/pkt2/missing autoheader'
AUTOMAKE='${SHELL} /home/andrei/src/pkt2/missing automake-1.15'
AWK='gawk'
CC='gcc'
CCDEPMODE='depmode=gcc3'
CFLAGS='-g -O2'
CPP='gcc -E'
CPPFLAGS=' -I/usr/include/postgresql'
CXX='g++'
CXXCPP='g++ -E'
CXXDEPMODE='depmode=gcc3'
CXXFLAGS='-g -O2'
CYGPATH_W='echo'
DEFS='-DHAVE_CONFIG_H'
DEPDIR='.deps'
DLLTOOL='false'
DSYMUTIL=''
DUMPBIN=''
ECHO_C=''
ECHO_N='-n'
ECHO_T=''
EGREP='/bin/grep -E'
EXEEXT=''
FGREP='/bin/grep -F'
GREP='/bin/grep'
INSTALL_DATA='${INSTALL} -m 644'
INSTALL_PROGRAM='${INSTALL}'
INSTALL_SCRIPT='${INSTALL}'
INSTALL_STRIP_PROGRAM='$(install_sh) -c -s'
LD='/usr/bin/ld -m elf_x86_64'
LDFLAGS=''
LIBOBJS=''
LIBS='-largtable2 -lpq '
LIBTOOL='$(SHELL) $(top_builddir)/libtool'
LIPO=''
LN_S='ln -s'
LTLIBOBJS=''
LT_SYS_LIBRARY_PATH=''
MAKEINFO='${SHELL} /home/andrei/src/pkt2/missing makeinfo'
MANIFEST_TOOL=':'
MKDIR_P='/bin/mkdir -p'
NM='/usr/bin/nm -B'
NMEDIT=''
OBJDUMP='objdump'
OBJEXT='o'
OTOOL64=''
OTOOL=''
PACKAGE='pkt2'
PACKAGE_BUGREPORT='andrei.i.ivanov@commandus.com'
PACKAGE_NAME='pkt2'
PACKAGE_STRING='pkt2 0.1'
PACKAGE_TARNAME='pkt2'
PACKAGE_URL=''
PACKAGE_VERSION='0.1'
PATH_SEPARATOR=':'
RANLIB='ranlib'
SED='/bin/sed'
SET_MAKE=''
SHELL='/bin/bash'
STRIP='strip'
VERSION='0.1'
ac_ct_AR='ar'
ac_ct_CC='gcc'
ac_ct_CXX='g++'
ac_ct_DUMPBIN=''
am__EXEEXT_FALSE=''
am__EXEEXT_TRUE='#'
am__fastdepCC_FALSE='#'
am__fastdepCC_TRUE=''
am__fastdepCXX_FALSE='#'
am__fastdepCXX_TRUE=''
am__include='include'
am__isrc=''
am__leading_dot='.'
am__nodep='_no'
am__quote=''
am__tar='$${TAR-tar} chof - "$$tardir"'
am__untar='$${TAR-tar} xf -'
bindir='${exec_prefix}/bin'
build='x86_64-pc-linux-gnu'
build_alias=''
build_cpu='x86_64'
build_os='linux-gnu'
build_vendor='pc'
datadir='${datarootdir}'
datarootdir='${prefix}/share'
docdir='${datarootdir}/doc/${PACKAGE_TARNAME}'
dvidir='${docdir}'
exec_prefix='${prefix}'
host='x86_64-pc-linux-gnu'
host_alias=''
host_cpu='x86_64'
host_os='linux-gnu'
host_vendor='pc'
htmldir='${docdir}'
includedir='${prefix}/include'
infodir='${datarootdir}/info'
install_sh='${SHELL} /home/andrei/src/pkt2/install-sh'
libdir='${exec_prefix}/lib'
libexecdir='${exec_prefix}/libexec'
localedir='${datarootdir}/locale'
localstatedir='${prefix}/var'
mandir='${datarootdir}/man'
mkdir_p='$(MKDIR_P)'
oldincludedir='/usr/include'
pdfdir='${docdir}'
prefix='/usr/local'
program_transform_name='s,x,x,'
psdir='${docdir}'
runstatedir='${localstatedir}/run'
sbindir='${exec_prefix}/sbin'
sharedstatedir='${prefix}/com'
sysconfdir='${prefix}/etc'
target_alias=''

## ----------- ##
## confdefs.h. ##
## ----------- ##

/* confdefs.h */
#define PACKAGE_NAME "pkt2"
#define PACKAGE_TARNAME "pkt2"
#define PACKAGE_VERSION "0.1"
#define PACKAGE_STRING "pkt2 0.1"
#define PACKAGE_BUGREPORT "andrei.i.ivanov@commandus.com"
#define PACKAGE_URL ""
#define STDC_HEADERS 1
#define HAVE_SYS_TYPES_H 1
#define HAVE_SYS_STAT_H 1
#define HAVE_STDLIB_H 1
#define HAVE_STRING_H 1
#define HAVE_MEMORY_H 1
#define HAVE_STRINGS_H 1
#define HAVE_INTTYPES_H 1
#define HAVE_STDINT_H 1
#define HAVE_UNISTD_H 1
#define HAVE_DLFCN_H 1
#define LT_OBJDIR ".libs/"
#define HAVE_FCNTL_H 1
#define HAVE_LIMITS_H 1
#define HAVE_STDINT_H 1
#define HAVE_STRING_H 1
#define HAVE_SYS_TIME_H 1
#define HAVE_TERMIOS_H 1
#define HAVE_UNISTD_H 1
#define HAVE_ARGTABLE2_H 1
#define HAVE__USR_INCLUDE_POSTGRESQL_LIBPQ_FE_H 1
#define HAVE_LIBPQ 1
#define HAVE_LIBARGTABLE2 1
#define HAVE_FORK 1
#define HAVE_VFORK 1
#define HAVE_WORKING_VFORK 1
#define HAVE_WORKING_FORK 1
#define HAVE_MEMMOVE 1
#define HAVE_MEMSET 1

configure: exit 0
